2025-06-09 20:24:48,734 - main - INFO - Scraping hotel: https://www.agoda.com/vi-vn/pullman-saigon-centre-hotel/hotel/ho-chi-minh-city-vn.html
2025-06-09 20:24:48,735 - main - INFO - Target dates: ['2025-06-09', '2025-06-16', '2025-06-24']
2025-06-09 20:25:09,157 - main - WARNING - No data was scraped
2025-06-09 20:27:00,132 - main - INFO - Scraping hotel: https://www.agoda.com/vi-vn/pullman-saigon-centre-hotel/hotel/ho-chi-minh-city-vn.html
2025-06-09 20:27:00,133 - main - INFO - Target dates: ['2025-06-15']
2025-06-09 20:27:07,281 - main - WARNING - No data was scraped
2025-06-09 20:29:01,411 - main - INFO - Scraping hotel: https://www.agoda.com/vi-vn/pullman-saigon-centre-hotel/hotel/ho-chi-minh-city-vn.html
2025-06-09 20:29:01,411 - main - INFO - Target dates: ['2025-06-15']
2025-06-09 20:29:06,877 - main - WARNING - No data was scraped
2025-06-09 20:30:06,519 - main - INFO - Scraping hotel: https://www.agoda.com/vi-vn/pullman-saigon-centre-hotel/hotel/ho-chi-minh-city-vn.html
2025-06-09 20:30:06,520 - main - INFO - Target dates: ['2025-06-15']
2025-06-09 20:30:11,209 - main - WARNING - No data was scraped
2025-06-09 20:30:46,883 - main - INFO - Scraping hotel: https://www.agoda.com/vi-vn/pullman-saigon-centre-hotel/hotel/ho-chi-minh-city-vn.html
2025-06-09 20:30:46,883 - main - INFO - Target dates: ['2025-06-15']
2025-06-09 20:33:49,375 - main - INFO - Successfully scraped 1 date combinations
2025-06-09 20:33:49,376 - main - INFO -   - Pullman Saigon Centre Hotel: 2025-06-15 to 2025-06-16
2025-06-09 20:33:49,376 - main - INFO -     Rooms found: 10
2025-06-09 22:11:23,608 - main - INFO - Scraping hotel: https://www.agoda.com/vi-vn/pullman-saigon-centre-hotel/hotel/ho-chi-minh-city-vn.html
2025-06-09 22:11:23,609 - main - INFO - Target dates: ['2025-06-15']
2025-06-09 22:14:25,410 - main - INFO - Successfully scraped 1 date combinations
2025-06-09 22:14:25,410 - main - INFO -   - Pullman Saigon Centre Hotel: 2025-06-15 to 2025-06-16
2025-06-09 22:14:25,410 - main - INFO -     Rooms found: 10
2025-06-09 22:15:09,526 - main - INFO - Scraping hotel: https://www.agoda.com/vi-vn/pullman-saigon-centre-hotel/hotel/ho-chi-minh-city-vn.html
2025-06-09 22:15:09,526 - main - INFO - Target dates: ['2025-06-20']
2025-06-09 22:18:13,688 - main - INFO - Successfully scraped 1 date combinations
2025-06-09 22:18:13,688 - main - INFO -   - Pullman Saigon Centre Hotel: 2025-06-20 to 2025-06-21
2025-06-09 22:18:13,688 - main - INFO -     Rooms found: 10
2025-06-09 23:01:10,127 - main - INFO - Scraping hotel: https://www.agoda.com/vi-vn/pullman-saigon-centre-hotel/hotel/ho-chi-minh-city-vn.html?countryId=38&finalPriceView=1&isShowMobileAppPrice=false&cid=1844104&numberOfBedrooms=&familyMode=false&adults=2&children=0&rooms=1&maxRooms=0&isCalendarCallout=false&childAges=&numberOfGuest=0&missingChildAges=false&travellerType=1&showReviewSubmissionEntry=false&currencyCode=VND&isFreeOccSearch=false&los=1&searchrequestid=616107f0-75f0-4319-923d-cc9a79de71df&checkin=2025-07-10
2025-06-09 23:01:10,128 - main - INFO - Target dates: ['2025-07-10']
2025-06-09 23:04:55,453 - main - INFO - Successfully scraped 1 date combinations
2025-06-09 23:04:55,453 - main - INFO -   - Pullman Saigon Centre Hotel: 2025-07-10 to 2025-07-11
2025-06-09 23:04:55,453 - main - INFO -     Rooms found: 1
